<?xml version="1.0" encoding="UTF-8"?>
<testng-results skipped="0" failed="0" ignored="0" total="1" passed="1">
  <reporter-output>
  </reporter-output>
  <suite name="All Test Suite" duration-ms="365433" started-at="2020-07-22T21:23:34 PDT" finished-at="2020-07-22T21:29:39 PDT">
    <groups>
      <group name="cucumber">
        <method signature="AbstractTestNGCucumberTests.feature(cucumber.api.testng.CucumberFeatureWrapper)[pri:0, instance:CucumberOptions.TestRunner1@5a8806ef]" name="feature" class="cucumber.api.testng.AbstractTestNGCucumberTests"/>
        <method signature="AbstractTestNGCucumberTests.feature(cucumber.api.testng.CucumberFeatureWrapper)[pri:0, instance:CucumberOptions.TestRunner2@1e965684]" name="feature" class="cucumber.api.testng.AbstractTestNGCucumberTests"/>
      </group> <!-- cucumber -->
    </groups>
    <test name="Test Case 2" duration-ms="365433" started-at="2020-07-22T21:23:34 PDT" finished-at="2020-07-22T21:29:39 PDT">
      <class name="CucumberOptions.TestRunner2">
        <test-method status="PASS" signature="setUpClass()[pri:0, instance:CucumberOptions.TestRunner2@1e965684]" name="setUpClass" is-config="true" duration-ms="423" started-at="2020-07-22T21:23:34 PDT" finished-at="2020-07-22T21:23:34 PDT">
          <reporter-output>
          </reporter-output>
        </test-method> <!-- setUpClass -->
        <test-method status="PASS" signature="feature(cucumber.api.testng.CucumberFeatureWrapper)[pri:0, instance:CucumberOptions.TestRunner2@1e965684]" name="feature" duration-ms="364775" started-at="2020-07-22T21:23:34 PDT" description="Runs Cucumber Feature" data-provider="features" finished-at="2020-07-22T21:29:39 PDT">
          <params>
            <param index="0">
              <value>
                <![CDATA[Verify Demo QA Website]]>
              </value>
            </param>
          </params>
          <reporter-output>
          </reporter-output>
        </test-method> <!-- feature -->
        <test-method status="PASS" signature="writeExtentReport()[pri:0, instance:CucumberOptions.TestRunner2@1e965684]" name="writeExtentReport" is-config="true" duration-ms="7" started-at="2020-07-22T21:29:39 PDT" finished-at="2020-07-22T21:29:39 PDT">
          <reporter-output>
          </reporter-output>
        </test-method> <!-- writeExtentReport -->
        <test-method status="PASS" signature="tearDownClass()[pri:0, instance:CucumberOptions.TestRunner2@1e965684]" name="tearDownClass" is-config="true" duration-ms="118" started-at="2020-07-22T21:29:39 PDT" finished-at="2020-07-22T21:29:39 PDT">
          <reporter-output>
          </reporter-output>
        </test-method> <!-- tearDownClass -->
      </class> <!-- CucumberOptions.TestRunner2 -->
    </test> <!-- Test Case 2 -->
  </suite> <!-- All Test Suite -->
</testng-results>
