<?xml version="1.0" encoding="UTF-8"?>
<testng-results skipped="0" failed="0" ignored="0" total="10" passed="10">
  <reporter-output>
  </reporter-output>
  <suite name="All Test Suite" duration-ms="383760" started-at="2020-07-08T22:57:33 PDT" finished-at="2020-07-08T23:03:57 PDT">
    <groups>
      <group name="cucumber">
        <method signature="AbstractTestNGCucumberTests.feature(cucumber.api.testng.CucumberFeatureWrapper)[pri:0, instance:CucumberOptions.TestRunner@4e7dc304]" name="feature" class="cucumber.api.testng.AbstractTestNGCucumberTests"/>
      </group> <!-- cucumber -->
    </groups>
    <test name="Test Case" duration-ms="383760" started-at="2020-07-08T22:57:33 PDT" finished-at="2020-07-08T23:03:57 PDT">
      <class name="Cucumber.DemoRestGET">
        <test-method status="PASS" signature="getResponse()[pri:0, instance:Cucumber.DemoRestGET@48503868]" name="getResponse" duration-ms="754" started-at="2020-07-08T23:03:54 PDT" finished-at="2020-07-08T23:03:55 PDT">
          <reporter-output>
          </reporter-output>
        </test-method> <!-- getResponse -->
      </class> <!-- Cucumber.DemoRestGET -->
      <class name="Cucumber.DemoRestPUT">
        <test-method status="PASS" signature="putResponse()[pri:0, instance:Cucumber.DemoRestPUT@184f6be2]" name="putResponse" duration-ms="1149" started-at="2020-07-08T23:03:56 PDT" finished-at="2020-07-08T23:03:57 PDT">
          <reporter-output>
          </reporter-output>
        </test-method> <!-- putResponse -->
      </class> <!-- Cucumber.DemoRestPUT -->
      <class name="CucumberOptions.TestRunner">
        <test-method status="PASS" signature="setUpClass()[pri:0, instance:CucumberOptions.TestRunner@4e7dc304]" name="setUpClass" is-config="true" duration-ms="233" started-at="2020-07-08T22:57:33 PDT" finished-at="2020-07-08T22:57:34 PDT">
          <reporter-output>
          </reporter-output>
        </test-method> <!-- setUpClass -->
        <test-method status="PASS" signature="feature(cucumber.api.testng.CucumberFeatureWrapper)[pri:0, instance:CucumberOptions.TestRunner@4e7dc304]" name="feature" duration-ms="100918" started-at="2020-07-08T22:57:34 PDT" description="Runs Cucumber Feature" data-provider="features" finished-at="2020-07-08T22:59:15 PDT">
          <params>
            <param index="0">
              <value>
                <![CDATA[Mobile Test Cases]]>
              </value>
            </param>
          </params>
          <reporter-output>
          </reporter-output>
        </test-method> <!-- feature -->
        <test-method status="PASS" signature="feature(cucumber.api.testng.CucumberFeatureWrapper)[pri:0, instance:CucumberOptions.TestRunner@4e7dc304]" name="feature" duration-ms="61017" started-at="2020-07-08T22:59:15 PDT" description="Runs Cucumber Feature" data-provider="features" finished-at="2020-07-08T23:00:16 PDT">
          <params>
            <param index="0">
              <value>
                <![CDATA[Verify MakeMyTrip on Mobile Browser]]>
              </value>
            </param>
          </params>
          <reporter-output>
          </reporter-output>
        </test-method> <!-- feature -->
        <test-method status="PASS" signature="feature(cucumber.api.testng.CucumberFeatureWrapper)[pri:0, instance:CucumberOptions.TestRunner@4e7dc304]" name="feature" duration-ms="183411" started-at="2020-07-08T23:00:16 PDT" description="Runs Cucumber Feature" data-provider="features" finished-at="2020-07-08T23:03:19 PDT">
          <params>
            <param index="0">
              <value>
                <![CDATA[Verify Demo QA Website]]>
              </value>
            </param>
          </params>
          <reporter-output>
          </reporter-output>
        </test-method> <!-- feature -->
        <test-method status="PASS" signature="feature(cucumber.api.testng.CucumberFeatureWrapper)[pri:0, instance:CucumberOptions.TestRunner@4e7dc304]" name="feature" duration-ms="16652" started-at="2020-07-08T23:03:19 PDT" description="Runs Cucumber Feature" data-provider="features" finished-at="2020-07-08T23:03:36 PDT">
          <params>
            <param index="0">
              <value>
                <![CDATA[Verify Home Page]]>
              </value>
            </param>
          </params>
          <reporter-output>
          </reporter-output>
        </test-method> <!-- feature -->
        <test-method status="PASS" signature="feature(cucumber.api.testng.CucumberFeatureWrapper)[pri:0, instance:CucumberOptions.TestRunner@4e7dc304]" name="feature" duration-ms="9131" started-at="2020-07-08T23:03:36 PDT" description="Runs Cucumber Feature" data-provider="features" finished-at="2020-07-08T23:03:45 PDT">
          <params>
            <param index="0">
              <value>
                <![CDATA[Verify Rest API]]>
              </value>
            </param>
          </params>
          <reporter-output>
          </reporter-output>
        </test-method> <!-- feature -->
        <test-method status="PASS" signature="tearDownClass()[pri:0, instance:CucumberOptions.TestRunner@4e7dc304]" name="tearDownClass" is-config="true" duration-ms="259" started-at="2020-07-08T23:03:45 PDT" finished-at="2020-07-08T23:03:45 PDT">
          <reporter-output>
          </reporter-output>
        </test-method> <!-- tearDownClass -->
      </class> <!-- CucumberOptions.TestRunner -->
      <class name="Cucumber.DemoRestDELETE">
        <test-method status="PASS" signature="deleteResponse()[pri:0, instance:Cucumber.DemoRestDELETE@10bbd20a]" name="deleteResponse" duration-ms="823" started-at="2020-07-08T23:03:54 PDT" finished-at="2020-07-08T23:03:54 PDT">
          <reporter-output>
          </reporter-output>
        </test-method> <!-- deleteResponse -->
      </class> <!-- Cucumber.DemoRestDELETE -->
      <class name="Cucumber.DemoRest">
        <test-method status="PASS" signature="restDemo()[pri:0, instance:Cucumber.DemoRest@64729b1e]" name="restDemo" duration-ms="8368" started-at="2020-07-08T23:03:45 PDT" finished-at="2020-07-08T23:03:54 PDT">
          <reporter-output>
          </reporter-output>
        </test-method> <!-- restDemo -->
      </class> <!-- Cucumber.DemoRest -->
      <class name="Cucumber.DemoRestPOST">
        <test-method status="PASS" signature="postResponse()[pri:0, instance:Cucumber.DemoRestPOST@6895a785]" name="postResponse" duration-ms="903" started-at="2020-07-08T23:03:55 PDT" finished-at="2020-07-08T23:03:56 PDT">
          <reporter-output>
          </reporter-output>
        </test-method> <!-- postResponse -->
      </class> <!-- Cucumber.DemoRestPOST -->
    </test> <!-- Test Case -->
  </suite> <!-- All Test Suite -->
</testng-results>
