<?xml version="1.0" encoding="UTF-8"?>
<testng-results ignored="0" total="3" passed="3" failed="0" skipped="0">
  <reporter-output>
  </reporter-output>
  <suite started-at="2020-07-05T16:36:43 PDT" name="All Test Suite" finished-at="2020-07-05T16:38:10 PDT" duration-ms="86812">
    <groups>
      <group name="cucumber">
        <method signature="AbstractTestNGCucumberTests.feature(cucumber.api.testng.CucumberFeatureWrapper)[pri:0, instance:CucumberOptions.TestRunner@2a32de6c]" name="feature" class="cucumber.api.testng.AbstractTestNGCucumberTests"/>
      </group> <!-- cucumber -->
    </groups>
    <test started-at="2020-07-05T16:36:43 PDT" name="Test Case" finished-at="2020-07-05T16:38:10 PDT" duration-ms="86812">
      <class name="CucumberOptions.TestRunner">
        <test-method is-config="true" signature="setUpClass()[pri:0, instance:CucumberOptions.TestRunner@2a32de6c]" started-at="2020-07-05T16:36:43 PDT" name="setUpClass" finished-at="2020-07-05T16:36:44 PDT" duration-ms="157" status="PASS">
          <reporter-output>
          </reporter-output>
        </test-method> <!-- setUpClass -->
        <test-method signature="feature(cucumber.api.testng.CucumberFeatureWrapper)[pri:0, instance:CucumberOptions.TestRunner@2a32de6c]" started-at="2020-07-05T16:36:44 PDT" name="feature" description="Runs Cucumber Feature" data-provider="features" finished-at="2020-07-05T16:37:50 PDT" duration-ms="66768" status="PASS">
          <params>
            <param index="0">
              <value>
                <![CDATA[Mobile Test Cases]]>
              </value>
            </param>
          </params>
          <reporter-output>
          </reporter-output>
        </test-method> <!-- feature -->
        <test-method signature="feature(cucumber.api.testng.CucumberFeatureWrapper)[pri:0, instance:CucumberOptions.TestRunner@2a32de6c]" started-at="2020-07-05T16:37:50 PDT" name="feature" description="Runs Cucumber Feature" data-provider="features" finished-at="2020-07-05T16:38:05 PDT" duration-ms="14833" status="PASS">
          <params>
            <param index="0">
              <value>
                <![CDATA[Verify Home Page]]>
              </value>
            </param>
          </params>
          <reporter-output>
          </reporter-output>
        </test-method> <!-- feature -->
        <test-method signature="feature(cucumber.api.testng.CucumberFeatureWrapper)[pri:0, instance:CucumberOptions.TestRunner@2a32de6c]" started-at="2020-07-05T16:38:05 PDT" name="feature" description="Runs Cucumber Feature" data-provider="features" finished-at="2020-07-05T16:38:10 PDT" duration-ms="4763" status="PASS">
          <params>
            <param index="0">
              <value>
                <![CDATA[Verify Rest API]]>
              </value>
            </param>
          </params>
          <reporter-output>
          </reporter-output>
        </test-method> <!-- feature -->
        <test-method is-config="true" signature="tearDownClass()[pri:0, instance:CucumberOptions.TestRunner@2a32de6c]" started-at="2020-07-05T16:38:10 PDT" name="tearDownClass" finished-at="2020-07-05T16:38:10 PDT" duration-ms="217" status="PASS">
          <reporter-output>
          </reporter-output>
        </test-method> <!-- tearDownClass -->
      </class> <!-- CucumberOptions.TestRunner -->
    </test> <!-- Test Case -->
  </suite> <!-- All Test Suite -->
</testng-results>
