<?xml version="1.0" encoding="UTF-8"?>
<testng-results skipped="0" failed="0" ignored="0" total="5" passed="5">
  <reporter-output>
  </reporter-output>
  <suite name="All Test Suite" duration-ms="486599" started-at="2020-07-12T16:34:44 PDT" finished-at="2020-07-12T16:42:50 PDT">
    <groups>
      <group name="cucumber">
        <method signature="AbstractTestNGCucumberTests.feature(cucumber.api.testng.CucumberFeatureWrapper)[pri:0, instance:CucumberOptions.TestRunner@67205a84]" name="feature" class="cucumber.api.testng.AbstractTestNGCucumberTests"/>
      </group> <!-- cucumber -->
    </groups>
    <test name="Test Case" duration-ms="486599" started-at="2020-07-12T16:34:44 PDT" finished-at="2020-07-12T16:42:50 PDT">
      <class name="CucumberOptions.TestRunner">
        <test-method status="PASS" signature="setUpClass()[pri:0, instance:CucumberOptions.TestRunner@67205a84]" name="setUpClass" is-config="true" duration-ms="168" started-at="2020-07-12T16:34:44 PDT" finished-at="2020-07-12T16:34:44 PDT">
          <reporter-output>
          </reporter-output>
        </test-method> <!-- setUpClass -->
        <test-method status="PASS" signature="feature(cucumber.api.testng.CucumberFeatureWrapper)[pri:0, instance:CucumberOptions.TestRunner@67205a84]" name="feature" duration-ms="73176" started-at="2020-07-12T16:34:44 PDT" description="Runs Cucumber Feature" data-provider="features" finished-at="2020-07-12T16:35:57 PDT">
          <params>
            <param index="0">
              <value>
                <![CDATA[Mobile Test Cases]]>
              </value>
            </param>
          </params>
          <reporter-output>
          </reporter-output>
        </test-method> <!-- feature -->
        <test-method status="PASS" signature="feature(cucumber.api.testng.CucumberFeatureWrapper)[pri:0, instance:CucumberOptions.TestRunner@67205a84]" name="feature" duration-ms="44476" started-at="2020-07-12T16:35:57 PDT" description="Runs Cucumber Feature" data-provider="features" finished-at="2020-07-12T16:36:42 PDT">
          <params>
            <param index="0">
              <value>
                <![CDATA[Verify MakeMyTrip on Mobile Browser]]>
              </value>
            </param>
          </params>
          <reporter-output>
          </reporter-output>
        </test-method> <!-- feature -->
        <test-method status="PASS" signature="feature(cucumber.api.testng.CucumberFeatureWrapper)[pri:0, instance:CucumberOptions.TestRunner@67205a84]" name="feature" duration-ms="347965" started-at="2020-07-12T16:36:42 PDT" description="Runs Cucumber Feature" data-provider="features" finished-at="2020-07-12T16:42:30 PDT">
          <params>
            <param index="0">
              <value>
                <![CDATA[Verify Demo QA Website]]>
              </value>
            </param>
          </params>
          <reporter-output>
          </reporter-output>
        </test-method> <!-- feature -->
        <test-method status="PASS" signature="feature(cucumber.api.testng.CucumberFeatureWrapper)[pri:0, instance:CucumberOptions.TestRunner@67205a84]" name="feature" duration-ms="15065" started-at="2020-07-12T16:42:30 PDT" description="Runs Cucumber Feature" data-provider="features" finished-at="2020-07-12T16:42:45 PDT">
          <params>
            <param index="0">
              <value>
                <![CDATA[Verify Home Page]]>
              </value>
            </param>
          </params>
          <reporter-output>
          </reporter-output>
        </test-method> <!-- feature -->
        <test-method status="PASS" signature="feature(cucumber.api.testng.CucumberFeatureWrapper)[pri:0, instance:CucumberOptions.TestRunner@67205a84]" name="feature" duration-ms="5468" started-at="2020-07-12T16:42:45 PDT" description="Runs Cucumber Feature" data-provider="features" finished-at="2020-07-12T16:42:50 PDT">
          <params>
            <param index="0">
              <value>
                <![CDATA[Verify Rest API]]>
              </value>
            </param>
          </params>
          <reporter-output>
          </reporter-output>
        </test-method> <!-- feature -->
        <test-method status="PASS" signature="tearDownClass()[pri:0, instance:CucumberOptions.TestRunner@67205a84]" name="tearDownClass" is-config="true" duration-ms="194" started-at="2020-07-12T16:42:50 PDT" finished-at="2020-07-12T16:42:50 PDT">
          <reporter-output>
          </reporter-output>
        </test-method> <!-- tearDownClass -->
      </class> <!-- CucumberOptions.TestRunner -->
    </test> <!-- Test Case -->
  </suite> <!-- All Test Suite -->
</testng-results>
