-------------------------------------------------------------------------------
Test set: TestSuite
-------------------------------------------------------------------------------
Tests run: 2, Failures: 1, Errors: 0, Skipped: 0, Time elapsed: 115.954 s <<< FAILURE! - in TestSuite
feature(CucumberOptions.TestRunner)  Time elapsed: 17.557 s  <<< FAILURE!
cucumber.runtime.CucumberException: java.lang.AssertionError: expected [DEFAULT WELCOME MSG] but found [DEFAULT WELCOME MSG!]
Caused by: java.lang.AssertionError: expected [DEFAULT WELCOME MSG] but found [DEFAULT WELCOME MSG!]

