<?xml version="1.0" encoding="UTF-8"?>
<testng-results skipped="0" failed="0" ignored="0" total="5" passed="5">
  <reporter-output>
  </reporter-output>
  <suite name="All Test Suite" duration-ms="470075" started-at="2020-07-11T16:49:53 PDT" finished-at="2020-07-11T16:57:43 PDT">
    <groups>
      <group name="cucumber">
        <method signature="AbstractTestNGCucumberTests.feature(cucumber.api.testng.CucumberFeatureWrapper)[pri:0, instance:CucumberOptions.TestRunner@67205a84]" name="feature" class="cucumber.api.testng.AbstractTestNGCucumberTests"/>
      </group> <!-- cucumber -->
    </groups>
    <test name="Test Case" duration-ms="470075" started-at="2020-07-11T16:49:53 PDT" finished-at="2020-07-11T16:57:43 PDT">
      <class name="CucumberOptions.TestRunner">
        <test-method status="PASS" signature="setUpClass()[pri:0, instance:CucumberOptions.TestRunner@67205a84]" name="setUpClass" is-config="true" duration-ms="203" started-at="2020-07-11T16:49:53 PDT" finished-at="2020-07-11T16:49:53 PDT">
          <reporter-output>
          </reporter-output>
        </test-method> <!-- setUpClass -->
        <test-method status="PASS" signature="feature(cucumber.api.testng.CucumberFeatureWrapper)[pri:0, instance:CucumberOptions.TestRunner@67205a84]" name="feature" duration-ms="73625" started-at="2020-07-11T16:49:54 PDT" description="Runs Cucumber Feature" data-provider="features" finished-at="2020-07-11T16:51:07 PDT">
          <params>
            <param index="0">
              <value>
                <![CDATA[Mobile Test Cases]]>
              </value>
            </param>
          </params>
          <reporter-output>
          </reporter-output>
        </test-method> <!-- feature -->
        <test-method status="PASS" signature="feature(cucumber.api.testng.CucumberFeatureWrapper)[pri:0, instance:CucumberOptions.TestRunner@67205a84]" name="feature" duration-ms="41701" started-at="2020-07-11T16:51:07 PDT" description="Runs Cucumber Feature" data-provider="features" finished-at="2020-07-11T16:51:49 PDT">
          <params>
            <param index="0">
              <value>
                <![CDATA[Verify MakeMyTrip on Mobile Browser]]>
              </value>
            </param>
          </params>
          <reporter-output>
          </reporter-output>
        </test-method> <!-- feature -->
        <test-method status="PASS" signature="feature(cucumber.api.testng.CucumberFeatureWrapper)[pri:0, instance:CucumberOptions.TestRunner@67205a84]" name="feature" duration-ms="331545" started-at="2020-07-11T16:51:49 PDT" description="Runs Cucumber Feature" data-provider="features" finished-at="2020-07-11T16:57:20 PDT">
          <params>
            <param index="0">
              <value>
                <![CDATA[Verify Demo QA Website]]>
              </value>
            </param>
          </params>
          <reporter-output>
          </reporter-output>
        </test-method> <!-- feature -->
        <test-method status="PASS" signature="feature(cucumber.api.testng.CucumberFeatureWrapper)[pri:0, instance:CucumberOptions.TestRunner@67205a84]" name="feature" duration-ms="14878" started-at="2020-07-11T16:57:20 PDT" description="Runs Cucumber Feature" data-provider="features" finished-at="2020-07-11T16:57:35 PDT">
          <params>
            <param index="0">
              <value>
                <![CDATA[Verify Home Page]]>
              </value>
            </param>
          </params>
          <reporter-output>
          </reporter-output>
        </test-method> <!-- feature -->
        <test-method status="PASS" signature="feature(cucumber.api.testng.CucumberFeatureWrapper)[pri:0, instance:CucumberOptions.TestRunner@67205a84]" name="feature" duration-ms="7824" started-at="2020-07-11T16:57:35 PDT" description="Runs Cucumber Feature" data-provider="features" finished-at="2020-07-11T16:57:43 PDT">
          <params>
            <param index="0">
              <value>
                <![CDATA[Verify Rest API]]>
              </value>
            </param>
          </params>
          <reporter-output>
          </reporter-output>
        </test-method> <!-- feature -->
        <test-method status="PASS" signature="tearDownClass()[pri:0, instance:CucumberOptions.TestRunner@67205a84]" name="tearDownClass" is-config="true" duration-ms="188" started-at="2020-07-11T16:57:43 PDT" finished-at="2020-07-11T16:57:43 PDT">
          <reporter-output>
          </reporter-output>
        </test-method> <!-- tearDownClass -->
      </class> <!-- CucumberOptions.TestRunner -->
    </test> <!-- Test Case -->
  </suite> <!-- All Test Suite -->
</testng-results>
