<?xml version="1.0" encoding="UTF-8"?>
<!-- Generated by org.testng.reporters.JUnitXMLReporter -->
<testsuite hostname="LAPTOP-EDS2GI91" ignored="0" name="Test Case" tests="10" failures="0" timestamp="2020-07-08T23:03:57 PDT" time="383.76" errors="0">
  <testcase name="feature" time="100.918" classname="cucumber.api.testng.AbstractTestNGCucumberTests"/>
  <testcase name="feature" time="61.017" classname="cucumber.api.testng.AbstractTestNGCucumberTests"/>
  <testcase name="feature" time="183.411" classname="cucumber.api.testng.AbstractTestNGCucumberTests"/>
  <testcase name="feature" time="16.652" classname="cucumber.api.testng.AbstractTestNGCucumberTests"/>
  <testcase name="feature" time="9.131" classname="cucumber.api.testng.AbstractTestNGCucumberTests"/>
  <testcase name="restDemo" time="8.368" classname="Cucumber.DemoRest"/>
  <testcase name="deleteResponse" time="0.823" classname="Cucumber.DemoRestDELETE"/>
  <testcase name="getResponse" time="0.754" classname="Cucumber.DemoRestGET"/>
  <testcase name="postResponse" time="0.903" classname="Cucumber.DemoRestPOST"/>
  <testcase name="putResponse" time="1.149" classname="Cucumber.DemoRestPUT"/>
</testsuite> <!-- Test Case -->
