<?xml version="1.0" encoding="UTF-8"?>
<!-- Generated by org.testng.reporters.JUnitXMLReporter -->
<testsuite hostname="LAPTOP-EDS2GI91" ignored="0" name="Test Case 2" tests="5" failures="0" timestamp="2020-07-17T20:16:08 PDT" time="342.113" errors="0">
  <testcase name="feature" time="73.584" classname="cucumber.api.testng.AbstractTestNGCucumberTests"/>
  <testcase name="feature" time="9.809" classname="cucumber.api.testng.AbstractTestNGCucumberTests"/>
  <testcase name="feature" time="15.159" classname="cucumber.api.testng.AbstractTestNGCucumberTests"/>
  <testcase name="feature" time="66.169" classname="cucumber.api.testng.AbstractTestNGCucumberTests"/>
  <testcase name="feature" time="341.733" classname="cucumber.api.testng.AbstractTestNGCucumberTests"/>
</testsuite> <!-- Test Case 2 -->
