<?xml version="1.0" encoding="UTF-8"?>
<!-- Generated by org.testng.reporters.JUnitXMLReporter -->
<testsuite hostname="LAPTOP-EDS2GI91" ignored="0" name="Test Case 2" tests="5" failures="0" timestamp="2020-07-22T21:29:39 PDT" time="365.433" errors="0">
  <testcase name="feature" time="107.224" classname="cucumber.api.testng.AbstractTestNGCucumberTests"/>
  <testcase name="feature" time="57.313" classname="cucumber.api.testng.AbstractTestNGCucumberTests"/>
  <testcase name="feature" time="17.997" classname="cucumber.api.testng.AbstractTestNGCucumberTests"/>
  <testcase name="feature" time="69.163" classname="cucumber.api.testng.AbstractTestNGCucumberTests"/>
  <testcase name="feature" time="364.775" classname="cucumber.api.testng.AbstractTestNGCucumberTests"/>
</testsuite> <!-- Test Case 2 -->
