<?xml version="1.0" encoding="UTF-8"?>
<!-- Generated by org.testng.reporters.JUnitXMLReporter -->
<testsuite hostname="LAPTOP-EDS2GI91" ignored="0" name="Test Case 1" tests="4" failures="0" timestamp="2020-07-22T21:27:46 PDT" time="252.491" errors="0">
  <testcase name="feature" time="107.224" classname="cucumber.api.testng.AbstractTestNGCucumberTests"/>
  <testcase name="feature" time="57.313" classname="cucumber.api.testng.AbstractTestNGCucumberTests"/>
  <testcase name="feature" time="17.997" classname="cucumber.api.testng.AbstractTestNGCucumberTests"/>
  <testcase name="feature" time="69.163" classname="cucumber.api.testng.AbstractTestNGCucumberTests"/>
</testsuite> <!-- Test Case 1 -->
