<?xml version="1.0" encoding="UTF-8"?>
<!-- Generated by org.testng.reporters.JUnitXMLReporter -->
<testsuite hostname="LAPTOP-EDS2GI91" ignored="0" name="Test Case" tests="5" failures="0" timestamp="2020-07-12T16:42:50 PDT" time="486.599" errors="0">
  <testcase name="feature" time="73.176" classname="cucumber.api.testng.AbstractTestNGCucumberTests"/>
  <testcase name="feature" time="44.476" classname="cucumber.api.testng.AbstractTestNGCucumberTests"/>
  <testcase name="feature" time="347.965" classname="cucumber.api.testng.AbstractTestNGCucumberTests"/>
  <testcase name="feature" time="15.065" classname="cucumber.api.testng.AbstractTestNGCucumberTests"/>
  <testcase name="feature" time="5.468" classname="cucumber.api.testng.AbstractTestNGCucumberTests"/>
</testsuite> <!-- Test Case -->
