<?xml version="1.0" encoding="UTF-8"?>
<!-- Generated by org.testng.reporters.JUnitXMLReporter -->
<testsuite hostname="LAPTOP-EDS2GI91" ignored="0" name="Test Case 1" tests="4" failures="0" timestamp="2020-07-17T20:13:12 PDT" time="165.228" errors="0">
  <testcase name="feature" time="73.584" classname="cucumber.api.testng.AbstractTestNGCucumberTests"/>
  <testcase name="feature" time="9.809" classname="cucumber.api.testng.AbstractTestNGCucumberTests"/>
  <testcase name="feature" time="15.159" classname="cucumber.api.testng.AbstractTestNGCucumberTests"/>
  <testcase name="feature" time="66.169" classname="cucumber.api.testng.AbstractTestNGCucumberTests"/>
</testsuite> <!-- Test Case 1 -->
