<?xml version="1.0" encoding="UTF-8"?>
<!-- Generated by org.testng.reporters.JUnitXMLReporter -->
<testsuite hostname="LAPTOP-EDS2GI91" ignored="0" name="Test Case" tests="5" failures="0" timestamp="2020-07-11T16:57:43 PDT" time="470.075" errors="0">
  <testcase name="feature" time="73.625" classname="cucumber.api.testng.AbstractTestNGCucumberTests"/>
  <testcase name="feature" time="41.701" classname="cucumber.api.testng.AbstractTestNGCucumberTests"/>
  <testcase name="feature" time="331.545" classname="cucumber.api.testng.AbstractTestNGCucumberTests"/>
  <testcase name="feature" time="14.878" classname="cucumber.api.testng.AbstractTestNGCucumberTests"/>
  <testcase name="feature" time="7.824" classname="cucumber.api.testng.AbstractTestNGCucumberTests"/>
</testsuite> <!-- Test Case -->
