<?xml version="1.0" encoding="UTF-8"?>
<!-- Generated by org.testng.reporters.JUnitXMLReporter -->
<testsuite ignored="0" hostname="LAPTOP-EDS2GI91" failures="0" tests="3" name="Test Case" time="86.812" errors="0" timestamp="2020-07-05T16:38:10 PDT">
  <testcase classname="cucumber.api.testng.AbstractTestNGCucumberTests" name="feature" time="66.768"/>
  <testcase classname="cucumber.api.testng.AbstractTestNGCucumberTests" name="feature" time="14.833"/>
  <testcase classname="cucumber.api.testng.AbstractTestNGCucumberTests" name="feature" time="4.763"/>
</testsuite> <!-- Test Case -->
